This is pdfTeX, Version 3.14159265-2.6-1.40.15 (TeX Live 2014) (preloaded format=pdflatex 2014.5.25)  23 JAN 2015 10:52
entering extended mode
 restricted \write18 enabled.
 %&-line parsing enabled.
**proposal.tex
(./proposal.tex
LaTeX2e <2014/05/01>
Babel <3.9k> and hyphenation patterns for 78 languages loaded.
(/usr/local/texlive/2014/texmf-dist/tex/latex/base/article.cls
Document Class: article 2007/10/19 v1.4h Standard LaTeX document class
(/usr/local/texlive/2014/texmf-dist/tex/latex/base/size12.clo
File: size12.clo 2007/10/19 v1.4h Standard LaTeX file (size option)
)
\c@part=\count79
\c@section=\count80
\c@subsection=\count81
\c@subsubsection=\count82
\c@paragraph=\count83
\c@subparagraph=\count84
\c@figure=\count85
\c@table=\count86
\abovecaptionskip=\skip41
\belowcaptionskip=\skip42
\bibindent=\dimen102
)
(/usr/local/texlive/2014/texmf-dist/tex/latex/graphics/graphics.sty
Package: graphics 2009/02/05 v1.0o Standard LaTeX Graphics (DPC,SPQR)

(/usr/local/texlive/2014/texmf-dist/tex/latex/graphics/trig.sty
Package: trig 1999/03/16 v1.09 sin cos tan (DPC)
)
(/usr/local/texlive/2014/texmf-dist/tex/latex/latexconfig/graphics.cfg
File: graphics.cfg 2010/04/23 v1.9 graphics configuration of TeX Live
)
Package graphics Info: Driver file: pdftex.def on input line 91.

(/usr/local/texlive/2014/texmf-dist/tex/latex/pdftex-def/pdftex.def
File: pdftex.def 2011/05/27 v0.06d Graphics/color for pdfTeX

(/usr/local/texlive/2014/texmf-dist/tex/generic/oberdiek/infwarerr.sty
Package: infwarerr 2010/04/08 v1.3 Providing info/warning/error messages (HO)
)
(/usr/local/texlive/2014/texmf-dist/tex/generic/oberdiek/ltxcmds.sty
Package: ltxcmds 2011/11/09 v1.22 LaTeX kernel commands for general use (HO)
)
\Gread@gobject=\count87
))
(/usr/local/texlive/2014/texmf-dist/tex/latex/graphics/epsfig.sty
Package: epsfig 1999/02/16 v1.7a (e)psfig emulation (SPQR)

(/usr/local/texlive/2014/texmf-dist/tex/latex/graphics/graphicx.sty
Package: graphicx 2014/04/25 v1.0g Enhanced LaTeX Graphics (DPC,SPQR)

(/usr/local/texlive/2014/texmf-dist/tex/latex/graphics/keyval.sty
Package: keyval 2014/05/08 v1.15 key=value parser (DPC)
\KV@toks@=\toks14
)
\Gin@req@height=\dimen103
\Gin@req@width=\dimen104
)
\epsfxsize=\dimen105
\epsfysize=\dimen106
)
(/usr/local/texlive/2014/texmf-dist/tex/latex/psnfss/times.sty
Package: times 2005/04/12 PSNFSS-v9.2a (SPQR) 
)
(/usr/local/texlive/2014/texmf-dist/tex/latex/amsmath/amsmath.sty
Package: amsmath 2013/01/14 v2.14 AMS math features
\@mathmargin=\skip43

For additional information on amsmath, use the `?' option.
(/usr/local/texlive/2014/texmf-dist/tex/latex/amsmath/amstext.sty
Package: amstext 2000/06/29 v2.01

(/usr/local/texlive/2014/texmf-dist/tex/latex/amsmath/amsgen.sty
File: amsgen.sty 1999/11/30 v2.0
\@emptytoks=\toks15
\ex@=\dimen107
))
(/usr/local/texlive/2014/texmf-dist/tex/latex/amsmath/amsbsy.sty
Package: amsbsy 1999/11/29 v1.2d
\pmbraise@=\dimen108
)
(/usr/local/texlive/2014/texmf-dist/tex/latex/amsmath/amsopn.sty
Package: amsopn 1999/12/14 v2.01 operator names
)
\inf@bad=\count88
LaTeX Info: Redefining \frac on input line 210.
\uproot@=\count89
\leftroot@=\count90
LaTeX Info: Redefining \overline on input line 306.
\classnum@=\count91
\DOTSCASE@=\count92
LaTeX Info: Redefining \ldots on input line 378.
LaTeX Info: Redefining \dots on input line 381.
LaTeX Info: Redefining \cdots on input line 466.
\Mathstrutbox@=\box26
\strutbox@=\box27
\big@size=\dimen109
LaTeX Font Info:    Redeclaring font encoding OML on input line 566.
LaTeX Font Info:    Redeclaring font encoding OMS on input line 567.
\macc@depth=\count93
\c@MaxMatrixCols=\count94
\dotsspace@=\muskip10
\c@parentequation=\count95
\dspbrk@lvl=\count96
\tag@help=\toks16
\row@=\count97
\column@=\count98
\maxfields@=\count99
\andhelp@=\toks17
\eqnshift@=\dimen110
\alignsep@=\dimen111
\tagshift@=\dimen112
\tagwidth@=\dimen113
\totwidth@=\dimen114
\lineht@=\dimen115
\@envbody=\toks18
\multlinegap=\skip44
\multlinetaggap=\skip45
\mathdisplay@stack=\toks19
LaTeX Info: Redefining \[ on input line 2665.
LaTeX Info: Redefining \] on input line 2666.
)
(/usr/local/texlive/2014/texmf-dist/tex/latex/floatrow/floatrow.sty
Package: floatrow 2008/08/02 v0.3b floatrow: float package extension

(/usr/local/texlive/2014/texmf-dist/tex/latex/caption/caption3.sty
Package: caption3 2013/05/02 v1.6-88 caption3 kernel (AR)
Package caption3 Info: TeX engine: e-TeX on input line 57.
\captionmargin=\dimen116
\captionmargin@=\dimen117
\captionwidth=\dimen118
\caption@tempdima=\dimen119
\caption@indent=\dimen120
\caption@parindent=\dimen121
\caption@hangindent=\dimen122
)
\c@float@type=\count100
\float@exts=\toks20
\float@box=\box28
\@floatcapt=\box29
Package floatrow Info: Modified float package code loaded on input line 455.
Package floatrow Info: Modified rotfloat package code loaded on input line 473.

\FR@everyfloat=\toks21
\flrow@foot=\insert233
\FB@wd=\dimen123
\FBo@wd=\dimen124
\FBc@wd=\dimen125
\FBo@ht=\skip46
\FBc@ht=\skip47
\FBf@ht=\skip48
\FBo@max=\skip49
\FBc@max=\skip50
\FBf@max=\skip51
\c@FBl@b=\count101
\floatbox@depth=\count102
\c@FRobj=\count103
\c@FRsobj=\count104
\Xhsize=\skip52
\sXhsize=\skip53
\Zhsize=\skip54
\sZhsize=\skip55
\flrow@rowbox=\box30
\FR@Zunitlength=\dimen126
\c@FBcnt=\count105
\FPOScnt=\count106
\LTleft=\skip56
\LTright=\skip57
\LTleft=\skip58
\LTright=\skip59
\flrow@types=\toks22
)
(/usr/local/texlive/2014/texmf-dist/tex/latex/natbib/natbib.sty
Package: natbib 2010/09/13 8.31b (PWD, AO)
\bibhang=\skip60
\bibsep=\skip61
LaTeX Info: Redefining \cite on input line 694.
\c@NAT@ctr=\count107
)
(/usr/local/texlive/2014/texmf-dist/tex/latex/was/gensymb.sty
Package: gensymb 2003/07/02 v1.0 (WaS)
)
(/usr/local/texlive/2014/texmf-dist/tex/latex/caption/subcaption.sty
Package: subcaption 2013/02/03 v1.1-62 Sub-captions (AR)

(/usr/local/texlive/2014/texmf-dist/tex/latex/caption/caption.sty
Package: caption 2013/05/02 v3.3-89 Customizing captions (AR)
\c@ContinuedFloat=\count108
Package caption Info: float package is loaded.
Package caption Info: floatrow package is loaded.
)
\c@subfigure=\count109
\c@subtable=\count110
)
(./trackchanges.sty
Package: trackchanges 2009/04/22 v0.7.0 TrackChanges file 

(/usr/local/texlive/2014/texmf-dist/tex/latex/graphics/color.sty
Package: color 2014/04/23 v1.1a Standard LaTeX Color (DPC)

(/usr/local/texlive/2014/texmf-dist/tex/latex/latexconfig/color.cfg
File: color.cfg 2007/01/18 v1.5 color configuration of teTeX/TeXLive
)
Package color Info: Driver file: pdftex.def on input line 137.
)
(/usr/local/texlive/2014/texmf-dist/tex/latex/base/ifthen.sty
Package: ifthen 2001/05/26 v1.1c Standard LaTeX ifthen package (DPC)
)
(/usr/local/texlive/2014/texmf-dist/tex/latex/tools/calc.sty
Package: calc 2007/08/22 v4.3 Infix arithmetic (KKT,FJ)
\calc@Acount=\count111
\calc@Bcount=\count112
\calc@Adimen=\dimen127
\calc@Bdimen=\dimen128
\calc@Askip=\skip62
\calc@Bskip=\skip63
LaTeX Info: Redefining \setlength on input line 75.
LaTeX Info: Redefining \addtolength on input line 76.
\calc@Ccount=\count113
\calc@Cskip=\skip64
)
(/usr/local/texlive/2014/texmf-dist/tex/latex/soul/soul.sty
Package: soul 2003/11/17 v2.4 letterspacing/underlining (mf)
\SOUL@word=\toks23
\SOUL@lasttoken=\toks24
\SOUL@cmds=\toks25
\SOUL@buffer=\toks26
\SOUL@token=\toks27
\SOUL@spaceskip=\skip65
\SOUL@ttwidth=\dimen129
\SOUL@uldp=\dimen130
\SOUL@ulht=\dimen131
)
(/usr/local/texlive/2014/texmf-dist/tex/latex/morefloats/morefloats.sty
Package: morefloats 2012/01/28 v1.0f Raise limit of unprocessed floats (HMM; DH
)

(/usr/local/texlive/2014/texmf-dist/tex/latex/oberdiek/kvoptions.sty
Package: kvoptions 2011/06/30 v3.11 Key value format for package options (HO)

(/usr/local/texlive/2014/texmf-dist/tex/generic/oberdiek/kvsetkeys.sty
Package: kvsetkeys 2012/04/25 v1.16 Key value parser (HO)

(/usr/local/texlive/2014/texmf-dist/tex/generic/oberdiek/etexcmds.sty
Package: etexcmds 2011/02/16 v1.5 Avoid name clashes with e-TeX commands (HO)

(/usr/local/texlive/2014/texmf-dist/tex/generic/oberdiek/ifluatex.sty
Package: ifluatex 2010/03/01 v1.3 Provides the ifluatex switch (HO)
Package ifluatex Info: LuaTeX not detected.
)
Package etexcmds Info: Could not find \expanded.
(etexcmds)             That can mean that you are not using pdfTeX 1.50 or
(etexcmds)             that some package has redefined \expanded.
(etexcmds)             In the latter case, load this package earlier.
)))
Package morefloats Info: Maximum number of possible floats asked for: 36.
(morefloats)             LaTeX might run out of memory before this
(morefloats)             (in which case it will notify you).
(morefloats)              on input line 171.
\bx@S=\insert232
\bx@T=\insert231
\bx@U=\insert230
\bx@V=\insert229
\bx@W=\insert228
\bx@X=\insert227
\bx@Y=\insert226
\bx@Z=\insert225
\bx@AA=\insert224
\bx@AB=\insert223
\bx@AC=\insert222
\bx@AD=\insert221
\bx@AE=\insert220
\bx@AF=\insert219
\bx@AG=\insert218
\bx@AH=\insert217
\bx@AI=\insert216
\bx@AJ=\insert215
)
\c@userid=\count114
\c@changenumber=\count115
\c@storefootnote=\count116
\c@numeditors=\count117
\c@maxeditors=\count118
)
(./proposal.aux)
\openout1 = `proposal.aux'.

LaTeX Font Info:    Checking defaults for OML/cmm/m/it on input line 59.
LaTeX Font Info:    ... okay on input line 59.
LaTeX Font Info:    Checking defaults for T1/cmr/m/n on input line 59.
LaTeX Font Info:    ... okay on input line 59.
LaTeX Font Info:    Checking defaults for OT1/cmr/m/n on input line 59.
LaTeX Font Info:    ... okay on input line 59.
LaTeX Font Info:    Checking defaults for OMS/cmsy/m/n on input line 59.
LaTeX Font Info:    ... okay on input line 59.
LaTeX Font Info:    Checking defaults for OMX/cmex/m/n on input line 59.
LaTeX Font Info:    ... okay on input line 59.
LaTeX Font Info:    Checking defaults for U/cmr/m/n on input line 59.
LaTeX Font Info:    ... okay on input line 59.
LaTeX Font Info:    Try loading font information for OT1+ptm on input line 59.
 (/usr/local/texlive/2014/texmf-dist/tex/latex/psnfss/ot1ptm.fd
File: ot1ptm.fd 2001/06/04 font definitions for OT1/ptm.
) (/usr/local/texlive/2014/texmf-dist/tex/context/base/supp-pdf.mkii
[Loading MPS to PDF converter (version 2006.09.02).]
\scratchcounter=\count119
\scratchdimen=\dimen132
\scratchbox=\box31
\nofMPsegments=\count120
\nofMParguments=\count121
\everyMPshowfont=\toks28
\MPscratchCnt=\count122
\MPscratchDim=\dimen133
\MPnumerator=\count123
\makeMPintoPDFobject=\count124
\everyMPtoPDFconversion=\toks29
) (/usr/local/texlive/2014/texmf-dist/tex/generic/oberdiek/pdftexcmds.sty
Package: pdftexcmds 2011/11/29 v0.20 Utility functions of pdfTeX for LuaTeX (HO
)

(/usr/local/texlive/2014/texmf-dist/tex/generic/oberdiek/ifpdf.sty
Package: ifpdf 2011/01/30 v2.3 Provides the ifpdf switch (HO)
Package ifpdf Info: pdfTeX in PDF mode is detected.
)
Package pdftexcmds Info: LuaTeX not detected.
Package pdftexcmds Info: \pdf@primitive is available.
Package pdftexcmds Info: \pdf@ifprimitive is available.
Package pdftexcmds Info: \pdfdraftmode found.
)
(/usr/local/texlive/2014/texmf-dist/tex/latex/oberdiek/epstopdf-base.sty
Package: epstopdf-base 2010/02/09 v2.5 Base part for package epstopdf

(/usr/local/texlive/2014/texmf-dist/tex/latex/oberdiek/grfext.sty
Package: grfext 2010/08/19 v1.1 Manage graphics extensions (HO)

(/usr/local/texlive/2014/texmf-dist/tex/generic/oberdiek/kvdefinekeys.sty
Package: kvdefinekeys 2011/04/07 v1.3 Define keys (HO)
))
Package grfext Info: Graphics extension search list:
(grfext)             [.png,.pdf,.jpg,.mps,.jpeg,.jbig2,.jb2,.PNG,.PDF,.JPG,.JPE
G,.JBIG2,.JB2,.eps]
(grfext)             \AppendGraphicsExtensions on input line 452.

(/usr/local/texlive/2014/texmf-dist/tex/latex/latexconfig/epstopdf-sys.cfg
File: epstopdf-sys.cfg 2010/07/13 v1.3 Configuration of (r)epstopdf for TeX Liv
e
))
Package caption Info: Begin \AtBeginDocument code.
Package caption Info: floatrow package is loaded.
Package caption Info: End \AtBeginDocument code.
LaTeX Info: Redefining \celsius on input line 59.
Package gensymb Info: Faking symbols for \degree and \celsius on input line 59.



Package gensymb Warning: Not defining \perthousand.

LaTeX Info: Redefining \ohm on input line 59.
Package gensymb Info: Using \Omega for \ohm on input line 59.

Package gensymb Warning: Not defining \micro.

LaTeX Font Info:    Font shape `OT1/ptm/bx/n' in size <20.74> not available
(Font)              Font shape `OT1/ptm/b/n' tried instead on input line 62.
LaTeX Font Info:    Font shape `OT1/ptm/bx/n' in size <14.4> not available
(Font)              Font shape `OT1/ptm/b/n' tried instead on input line 62.
[1

{/usr/local/texlive/2014/texmf-var/fonts/map/pdftex/updmap/pdftex.map}]
LaTeX Font Info:    Font shape `OT1/ptm/bx/n' in size <10.95> not available
(Font)              Font shape `OT1/ptm/b/n' tried instead on input line 65.

Overfull \hbox (2.15529pt too wide) in paragraph at lines 67--68
[]\OT1/ptm/m/n/10.95 Bathymetry ob-ser-va-tions show great va-ri-ety of mor-pho
lo-gies at Mid-ocean Ridges (MORs).
 []

[2]
LaTeX Font Info:    Font shape `OT1/ptm/bx/n' in size <17.28> not available
(Font)              Font shape `OT1/ptm/b/n' tried instead on input line 72.
 (./proposal.toc
LaTeX Font Info:    Font shape `OT1/ptm/bx/n' in size <12> not available
(Font)              Font shape `OT1/ptm/b/n' tried instead on input line 1.
)
\tf@toc=\write3
\openout3 = `proposal.toc'.

 [3] <fig1_1.png, id=15, 1491.5725pt x 1148.29pt>
File: fig1_1.png Graphic file (type png)

<use fig1_1.png>
Package pdftex.def Info: fig1_1.png used on input line 91.
(pdftex.def)             Requested size: 187.9027pt x 144.65727pt.
 <fig1_3.png, id=17, 631.35875pt x 468.75125pt>
File: fig1_3.png Graphic file (type png)

<use fig1_3.png>
Package pdftex.def Info: fig1_3.png used on input line 97.
(pdftex.def)             Requested size: 187.9027pt x 139.51065pt.
 <fig2_1.png, id=18, 952.55875pt x 338.26375pt>
File: fig2_1.png Graphic file (type png)

<use fig2_1.png>
Package pdftex.def Info: fig2_1.png used on input line 108.
(pdftex.def)             Requested size: 381.01675pt x 135.30309pt.
 [1

 <./fig1_1.png> <./fig1_3.png>]
<fig3_1.png, id=28, 606.265pt x 486.81876pt>
File: fig3_1.png Graphic file (type png)
 <use fig3_1.png>
Package pdftex.def Info: fig3_1.png used on input line 115.
(pdftex.def)             Requested size: 181.8809pt x 146.04675pt.

<fig4_1.png, id=29, 528.97626pt x 316.18124pt>
File: fig4_1.png Graphic file (type png)
 <use fig4_1.png>
Package pdftex.def Info: fig4_1.png used on input line 124.
(pdftex.def)             Requested size: 211.58675pt x 126.47025pt.
 [2 <./fig2_1.png> <./fig3_1.png> <./fig4_1.png>]
<fig5_1.png, id=36, 412.54124pt x 344.28625pt>
File: fig5_1.png Graphic file (type png)
 <use fig5_1.png>
Package pdftex.def Info: fig5_1.png used on input line 136.
(pdftex.def)             Requested size: 288.7769pt x 240.99872pt.

Underfull \hbox (badness 7907) in paragraph at lines 144--144
[]\OT1/ptm/m/n/12 Figure 6: |\OT1/ptm/m/n/10.95 A$\OMS/cmsy/m/n/10.95 ^^X$\OT1/
ptm/m/n/10.95 F: Fault-ing
 []


Underfull \hbox (badness 4913) in paragraph at lines 144--144
\OT1/ptm/m/n/10.95 be-hav-ior for dif-fer-ent val-ues
 []


Underfull \hbox (badness 1968) in paragraph at lines 144--144
\OT1/ptm/m/n/10.95 of M. Ge-o-logic in-ter-pre-ta-tion
 []


Underfull \hbox (badness 4291) in paragraph at lines 144--144
\OT1/ptm/m/n/10.95 is su-per-im-posed on mod-eled
 []


Underfull \hbox (badness 10000) in paragraph at lines 144--144
\OT1/ptm/m/n/10.95 show break-aways of ini-tial
 []


Underfull \hbox (badness 6284) in paragraph at lines 144--144
\OT1/ptm/m/n/10.95 by mag-matic ac-cre-tion, and
 []


Underfull \hbox (badness 5091) in paragraph at lines 144--144
\OT1/ptm/m/n/10.95 that de-tach-ment faults in B
 []


Underfull \hbox (badness 1253) in paragraph at lines 144--144
\OT1/ptm/m/n/10.95 and C are not in-ter-rupted by
 []


Underfull \hbox (badness 2980) in paragraph at lines 144--144
\OT1/ptm/m/n/10.95 sec-ondary faults. [Tu-cholke
 []

<fig6_1.png, id=37, 503.8825pt x 598.235pt>
File: fig6_1.png Graphic file (type png)
 <use fig6_1.png>
Package pdftex.def Info: fig6_1.png used on input line 144.
(pdftex.def)             Requested size: 284.52756pt x 337.80258pt.

Underfull \hbox (badness 7907) in paragraph at lines 144--144
[]\OT1/ptm/m/n/12 Figure 6: |\OT1/ptm/m/n/10.95 A$\OMS/cmsy/m/n/10.95 ^^X$\OT1/
ptm/m/n/10.95 F: Fault-ing
 []


Underfull \hbox (badness 4913) in paragraph at lines 144--144
\OT1/ptm/m/n/10.95 be-hav-ior for dif-fer-ent val-ues
 []


Underfull \hbox (badness 1968) in paragraph at lines 144--144
\OT1/ptm/m/n/10.95 of M. Ge-o-logic in-ter-pre-ta-tion
 []


Underfull \hbox (badness 4291) in paragraph at lines 144--144
\OT1/ptm/m/n/10.95 is su-per-im-posed on mod-eled
 []


Underfull \hbox (badness 10000) in paragraph at lines 144--144
\OT1/ptm/m/n/10.95 show break-aways of ini-tial
 []


Underfull \hbox (badness 6284) in paragraph at lines 144--144
\OT1/ptm/m/n/10.95 by mag-matic ac-cre-tion, and
 []


Underfull \hbox (badness 5091) in paragraph at lines 144--144
\OT1/ptm/m/n/10.95 that de-tach-ment faults in B
 []


Underfull \hbox (badness 1253) in paragraph at lines 144--144
\OT1/ptm/m/n/10.95 and C are not in-ter-rupted by
 []


Underfull \hbox (badness 2980) in paragraph at lines 144--144
\OT1/ptm/m/n/10.95 sec-ondary faults. [Tu-cholke
 []

File: fig6_1.png Graphic file (type png)
<use fig6_1.png>
Package pdftex.def Info: fig6_1.png used on input line 144.
(pdftex.def)             Requested size: 284.52756pt x 337.80258pt.

Underfull \hbox (badness 7907) in paragraph at lines 144--144
[]\OT1/ptm/m/n/12 Figure 6: |\OT1/ptm/m/n/10.95 A$\OMS/cmsy/m/n/10.95 ^^X$\OT1/
ptm/m/n/10.95 F: Fault-ing
 []


Underfull \hbox (badness 4913) in paragraph at lines 144--144
\OT1/ptm/m/n/10.95 be-hav-ior for dif-fer-ent val-ues
 []


Underfull \hbox (badness 1968) in paragraph at lines 144--144
\OT1/ptm/m/n/10.95 of M. Ge-o-logic in-ter-pre-ta-tion
 []


Underfull \hbox (badness 4291) in paragraph at lines 144--144
\OT1/ptm/m/n/10.95 is su-per-im-posed on mod-eled
 []


Underfull \hbox (badness 10000) in paragraph at lines 144--144
\OT1/ptm/m/n/10.95 show break-aways of ini-tial
 []


Underfull \hbox (badness 6284) in paragraph at lines 144--144
\OT1/ptm/m/n/10.95 by mag-matic ac-cre-tion, and
 []


Underfull \hbox (badness 5091) in paragraph at lines 144--144
\OT1/ptm/m/n/10.95 that de-tach-ment faults in B
 []


Underfull \hbox (badness 1253) in paragraph at lines 144--144
\OT1/ptm/m/n/10.95 and C are not in-ter-rupted by
 []


Underfull \hbox (badness 2980) in paragraph at lines 144--144
\OT1/ptm/m/n/10.95 sec-ondary faults. [Tu-cholke
 []

File: fig6_1.png Graphic file (type png)
<use fig6_1.png>
Package pdftex.def Info: fig6_1.png used on input line 144.
(pdftex.def)             Requested size: 284.52756pt x 337.80258pt.
 [3 <./fig5_1.png>] [4 <./fig6_1.png>] [5]
<fig7_1.png, id=50, 1120.185pt x 477.785pt>
File: fig7_1.png Graphic file (type png)
 <use fig7_1.png>
Package pdftex.def Info: fig7_1.png used on input line 170.
(pdftex.def)             Requested size: 515.29135pt x 219.78377pt.

Overfull \hbox (45.53636pt too wide) in paragraph at lines 170--171
 [][] 
 []

<fig8_1.png, id=51, 1024.82875pt x 398.48875pt>
File: fig8_1.png Graphic file (type png)
 <use fig8_1.png>
Package pdftex.def Info: fig8_1.png used on input line 180.
(pdftex.def)             Requested size: 512.41312pt x 199.24388pt.

Overfull \hbox (42.65813pt too wide) in paragraph at lines 180--181
 [][] 
 []

[6 <./fig7_1.png>] [7 <./fig8_1.png>]
Missing character: There is no â in font ptmr7t!
Missing character: There is no € in font ptmr7t!
Missing character: There is no ™ in font ptmr7t!
 [8] [9]
Missing character: There is no â in font ptmr7t!
Missing character: There is no € in font ptmr7t!
Missing character: There is no ™ in font ptmr7t!
Missing character: There is no â in font ptmr7t!
Missing character: There is no € in font ptmr7t!
Missing character: There is no ™ in font ptmr7t!
Missing character: There is no â in font ptmr7t!
Missing character: There is no € in font ptmr7t!
Missing character: There is no ” in font ptmr7t!
 [10] (./proposal.bbl
LaTeX Font Info:    Try loading font information for OT1+pcr on input line 17.

(/usr/local/texlive/2014/texmf-dist/tex/latex/psnfss/ot1pcr.fd
File: ot1pcr.fd 2001/06/04 font definitions for OT1/pcr.
)
Underfull \hbox (badness 10000) in paragraph at lines 9--18
[]\OT1/ptm/m/n/10 G. Baines, M. J. Chea-dle, B. E. John, and J. J. Schwartz.  T
he rate of oceanic de-tach-
 []


Underfull \hbox (badness 10000) in paragraph at lines 9--18
\OT1/ptm/m/n/10 ment fault-ing at At-lantis Bank, SW In-dian Ridge.  \OT1/ptm/m
/it/10 Earth and Plan-e-tary Sci-ence Let-ters\OT1/ptm/m/n/10 ,
 []


Underfull \hbox (badness 10000) in paragraph at lines 9--18
\OT1/ptm/m/n/10 273(1-2):105--114, Aug. 2008.  ISSN 0012821X.  doi: 10.1016/j.e
psl.2008.06.013.  URL
 []


Underfull \hbox (badness 10000) in paragraph at lines 35--44
\OT1/ptm/m/n/10 URL \OT1/pcr/m/n/10 http://linkinghub.elsevier.com/retrieve/pii
/S0031920108002288
 []

) [11] (./proposal.aux) ) 
Here is how much of TeX's memory you used:
 4836 strings out of 493117
 70591 string characters out of 6135433
 145349 words of memory out of 5000000
 8206 multiletter control sequences out of 15000+600000
 29234 words of font info for 62 fonts, out of 8000000 for 9000
 1141 hyphenation exceptions out of 8191
 43i,10n,52p,988b,591s stack positions out of 5000i,500n,10000p,200000b,80000s
{/usr/local/texlive/2014/texmf-dist/fonts/enc/dvips/ba
se/8r.enc}</usr/local/texlive/2014/texmf-dist/fonts/type1/public/amsfonts/cm/cm
mi12.pfb></usr/local/texlive/2014/texmf-dist/fonts/type1/public/amsfonts/cm/cmm
i8.pfb></usr/local/texlive/2014/texmf-dist/fonts/type1/public/amsfonts/cm/cmr12
.pfb></usr/local/texlive/2014/texmf-dist/fonts/type1/public/amsfonts/cm/cmsy10.
pfb></usr/local/texlive/2014/texmf-dist/fonts/type1/public/amsfonts/cm/cmsy8.pf
b></usr/local/texlive/2014/texmf-dist/fonts/type1/urw/courier/ucrr8a.pfb></usr/
local/texlive/2014/texmf-dist/fonts/type1/urw/times/utmb8a.pfb></usr/local/texl
ive/2014/texmf-dist/fonts/type1/urw/times/utmr8a.pfb></usr/local/texlive/2014/t
exmf-dist/fonts/type1/urw/times/utmri8a.pfb>
Output written on proposal.pdf (14 pages, 9026156 bytes).
PDF statistics:
 106 PDF objects out of 1000 (max. 8388607)
 62 compressed objects within 1 object stream
 0 named destinations out of 1000 (max. 500000)
 46 words of extra memory for PDF output out of 10000 (max. 10000000)

