\BOOKMARK [1][-]{section.1}{Introduction}{}% 1
\BOOKMARK [2][-]{subsection.1.1}{Research Questions}{section.1}% 2
\BOOKMARK [2][-]{subsection.1.2}{Review of Literature}{section.1}% 3
\BOOKMARK [2][-]{subsection.1.3}{Statement of Research Purpose}{section.1}% 4
\BOOKMARK [2][-]{subsection.1.4}{Findings}{section.1}% 5
\BOOKMARK [1][-]{section.2}{Methods}{}% 6
\BOOKMARK [2][-]{subsection.2.1}{Method of approach}{section.2}% 7
\BOOKMARK [2][-]{subsection.2.2}{Model Setup}{section.2}% 8
\BOOKMARK [2][-]{subsection.2.3}{Parameters to control}{section.2}% 9
\BOOKMARK [2][-]{changenumber.10.1}{[EC]Tables of all the data pointsModels with variable M}{section.2}% 10
\BOOKMARK [1][-]{section.3}{3D Results}{}% 11
\BOOKMARK [2][-]{subsection.3.1}{Reference models \(M28LinT1 Table [Tab11]2\)}{section.3}% 12
\BOOKMARK [2][-]{subsection.3.2}{Constant M along the ridge-axis \(M88ConT2 Table [Tab11]2\)}{section.3}% 13
\BOOKMARK [2][-]{subsection.3.3}{Effects of the functional forms of M variation}{section.3}% 14
\BOOKMARK [2][-]{subsection.3.4}{Effects of the weakening rate}{section.3}% 15
\BOOKMARK [3][-]{subsubsection.3.4.1}{M58SinT1 versus M58SinT2}{subsection.3.4}% 16
\BOOKMARK [3][-]{subsubsection.3.4.2}{M58SqrtT1 versus M58SqrtT2}{subsection.3.4}% 17
\BOOKMARK [2][-]{subsection.3.5}{Effects of the range of M variation}{section.3}% 18
\BOOKMARK [3][-]{subsubsection.3.5.1}{M28SinT1 versus M57SinT1 versus M58SinT1}{subsection.3.5}% 19
\BOOKMARK [3][-]{subsubsection.3.5.2}{M57SinT2 versus M58SinT2}{subsection.3.5}% 20
\BOOKMARK [3][-]{subsubsection.3.5.3}{M28LinT1 versus M57LinT1}{subsection.3.5}% 21
\BOOKMARK [3][-]{subsubsection.3.5.4}{M28SqrtT1 versus M58SqrtT1}{subsection.3.5}% 22
\BOOKMARK [3][-]{subsubsection.3.5.5}{M57SqrtT2 versus M58SqrtT2}{subsection.3.5}% 23
\BOOKMARK [2][-]{subsection.3.6}{Cut-back}{section.3}% 24
\BOOKMARK [2][-]{subsection.3.7}{Corrugations}{section.3}% 25
\BOOKMARK [3][-]{subsubsection.3.7.1}{Corrugations due to anastomosing}{subsection.3.7}% 26
\BOOKMARK [3][-]{subsubsection.3.7.2}{Corrugations due to asynchronous normal faulting}{subsection.3.7}% 27
\BOOKMARK [2][-]{subsection.3.8}{Summary of Results}{section.3}% 28
\BOOKMARK [1][-]{section.4}{Discussion}{}% 29
\BOOKMARK [2][-]{subsection.4.1}{Discussion on Reference models}{section.4}% 30
\BOOKMARK [3][-]{subsubsection.4.1.1}{Location of termination \(M28LinT1\)}{subsection.4.1}% 31
\BOOKMARK [3][-]{subsubsection.4.1.2}{Shear low \(M28LinT1\)}{subsection.4.1}% 32
\BOOKMARK [2][-]{subsection.4.2}{Cut Back}{section.4}% 33
\BOOKMARK [2][-]{subsection.4.3}{Fault Alternation}{section.4}% 34
\BOOKMARK [3][-]{subsubsection.4.3.1}{Trade-off between bending and weakening}{subsection.4.3}% 35
\BOOKMARK [3][-]{subsubsection.4.3.2}{Alternating on conjugate plate}{subsection.4.3}% 36
\BOOKMARK [3][-]{subsubsection.4.3.3}{Secondary near-axis normal fault}{subsection.4.3}% 37
\BOOKMARK [3][-]{subsubsection.4.3.4}{Effect of along ridge-axis coupling}{subsection.4.3}% 38
\BOOKMARK [2][-]{subsection.4.4}{Corrugations}{section.4}% 39
\BOOKMARK [3][-]{subsubsection.4.4.1}{Wavelength of corrugations}{subsection.4.4}% 40
\BOOKMARK [2][-]{subsection.4.5}{Influence of healing}{section.4}% 41
\BOOKMARK [2][-]{subsection.4.6}{Comparing model results with nature observation}{section.4}% 42
\BOOKMARK [3][-]{subsubsection.4.6.1}{Cut back at 13N Mid-Atlantic Ridge \(M28SqrtT1\)}{subsection.4.6}% 43
\BOOKMARK [3][-]{subsubsection.4.6.2}{Double dome at 23N Mid-Atlantic Ridge \(Kane Megamullions\) \(Several models\)}{subsection.4.6}% 44
\BOOKMARK [3][-]{subsubsection.4.6.3}{Atlantis Massif Shape at 30N Mid-Atlantic Ridge \(\)}{subsection.4.6}% 45
\BOOKMARK [3][-]{subsubsection.4.6.4}{Shear low}{subsection.4.6}% 46
\BOOKMARK [3][-]{subsubsection.4.6.5}{Corrugations}{subsection.4.6}% 47
\BOOKMARK [2][-]{subsection.4.7}{Parallel computing efficiency}{section.4}% 48
\BOOKMARK [2][-]{subsection.4.8}{Model Limitation}{section.4}% 49
\BOOKMARK [3][-]{subsubsection.4.8.1}{Fixed thermal structure effects and justification}{subsection.4.8}% 50
\BOOKMARK [2][-]{subsection.4.9}{Recommendation for Future Research}{section.4}% 51
\BOOKMARK [1][-]{section.5}{Conclusions}{}% 52
\BOOKMARK [1][-]{section*.57}{Bibliography}{}% 53
